<test>
  <question>
    <type>multiple choice</type>
    <q>is no yes</q>
    <c>a. no</c>
    <c>b. yes</c>
    <answer>a</answer>
  </question>
  <question>
    <type>true false</type>
    <q>is today monday</q>
    <c>True</c>
    <c>False</c>
    <answer>true</answer>
  </question>
  <question>
    <type>matching</type>
    <q>match the color to the fruit</q>
    <c1>red</c1>
    <c1>orange</c1>
    <c1>yellow</c1>
    <c2>a. banana</c2>
    <c2>b. strawberry</c2>
    <c2>c. blueberry</c2>
    <c2>d. orange</c2>
    <ans>b</ans>
    <ans>d</ans>
    <ans>a</ans>    
  </question>
</test>
