<test>
  <question>
    <type>multiple choice</type>
    <q>what is 2+2</q>
    <c>a. 1</c>
    <c>b. 2</c>
    <c>c. 3</c>
    <c>d. 4</c>
    <answer>d</answer>
  </question>
  <question>
    <type>true false</type>
    <q>i am very tired</q>
    <c>True</c>
    <c>False</c>
    <answer>true</answer>
  </question>
  <question>
    <type>matching</type>
    <q>match the fruit to the color</q>
    <c>apple</c>
    <c>banana</c>
    <c>orange</c>
    <c>a. yellow</c>
    <c>b. green</c>
    <c>c. purple</c>
    <c>d. orange</c>
    <answer>b</answer>
    <answer>a</answer>
    <answer>d</answer>
  </question>
</test>
