<test>
  <question>
    <type>multiple choice</type>
    <q>is no yes</q>
    <c>a. no</c>
    <c>b. yes</c>
    <answer>a</answer>
  </question>
  <question>
    <type>true false</type>
    <q>is today monday</q>
    <c>True</c>
    <c>False</c>
    <answer>true</answer>
  </question>
  <question>
    <type>matching</type>
    <q>match the color to the fruit</q>
    <c>red</c>
    <c>orange</c>
    <c>yellow</c>
    <c2>a. banana</c2>
    <c2>b. strawberry</c2>
    <c2>c. blueberry</c2>
    <c2>d. orange</c2>
    <answer>b</answer>
    <answer>d</answer>
    <answer>a</answer>
  </question>
</test>
